Exception at PC 0x00007FFA82919DBA
Exception at PC 0x00007FFA82919DBA
Exception at PC 0x00007FFA82919DBA
Exception at PC 0x00007FFA82919DBA
Exception at PC 0x00007FFA82919DBA
Exception at PC 0x00007FFA82919DBA
Exception at PC 0x00007FFA82919DBA
Exception at PC 0x00007FFA82918AFD
Exception at PC 0x00007FFA82919DBA
Exception at PC 0x00007FFA82919DBA
Exception at PC 0x00007FFA82919DBA
Exception at PC 0x00007FFA56ABBB93
Printing stacktrace...

Unable to capture context for thread 300316 in process 300928, can not generate back trace
Exception at PC 0x00007FFA82919DBA
Exception at PC 0x00007FFA82919DBA
Exception at PC 0x00007FFA82919DBA
Exception at PC 0x00007FFA82919DBA
Exception at PC 0x00007FFA82919DBA
Exception at PC 0x00007FFA82919DBA
Exception at PC 0x00007FFA82949D98
Exception at PC 0x00007FFA82949D98
Exception at PC 0x00007FFA82949D98
Exception at PC 0x00007FFA82949D98
Exception at PC 0x00007FFA82949D98
Exception at PC 0x00007FFA82949D98
Exception at PC 0x00007FFA82949D98
[0]  [0x00007FFA56ABBB93]
[1]  [0x00007FFA56ABBB93]
[2]  [0x00007FFA56ABB4A1]
[3]  [0x00007FFA56ABB3EF]
[4]  [0x00007FFA56AA19FE]
[5]  [0x00007FFA56AA0ED1]
[6]  [0x00007FFA56AA0D76]
[7]  [0x00007FFA56A479F6]
[8]  [0x00007FFA56A37AFB]
[9]  [0x00007FFA56B5E90A]
[10]  [0x00007FFA56B79F87]
[11]  [0x00007FFA56B7A05F]
[12] (BaseThreadInitThunk+0x14) [0x00007FFA85302774]
[13] (RtlUserThreadStart+0x21) [0x00007FFA859D0D51]
Done
Exception at PC 0x00007FFA82949D98
Exception at PC 0x00007FFA82949D98
Exception at PC 0x00007FFA82949D98
Exception at PC 0x00007FFA82949D98
Exception at PC 0x00007FFA82949D98
Exception at PC 0x00007FFA82949D98
Exception at PC 0x00007FFA82949D98
Exception at PC 0x00007FFA82949D98
Exception at PC 0x00007FFA82949D98
Exception at PC 0x00007FFA82949D98
Exception at PC 0x00007FFA82949D98
Exception at PC 0x00007FFA82949D98
Exception at PC 0x00007FFA82949D98
Exception at PC 0x00007FFA82919DBA
Exception at PC 0x00007FFA82919DBA
