Exception at PC 0x00007FF9021D9DBA
Exception at PC 0x00007FF9021D9DBA
Exception at PC 0x00007FF9021D9DBA
Exception at PC 0x00007FF9021D9DBA
Exception at PC 0x00007FF9021D9DBA
Exception at PC 0x00007FF9021D9DBA
Exception at PC 0x00007FF9021D9DBA
Exception at PC 0x00007FF9021D8AFD
Exception at PC 0x00007FF9021D9DBA
Exception at PC 0x00007FF9021D9DBA
Unable to capture context for thread 335332 in process 338904, can not generate back trace
Exception at PC 0x00007FF9021D9DBA
Exception at PC 0x00007FF8B49DBB93
Printing stacktrace...

Exception at PC 0x00007FF9021D9DBA
Exception at PC 0x00007FF9021D9DBA
Exception at PC 0x00007FF9021D9DBA
Exception at PC 0x00007FF9021D9DBA
Exception at PC 0x00007FF9021D9DBA
Exception at PC 0x00007FF9021D9DBA
Exception at PC 0x00007FF902209D98
Exception at PC 0x00007FF902209D98
Exception at PC 0x00007FF902209D98
Exception at PC 0x00007FF902209D98
Exception at PC 0x00007FF902209D98
Exception at PC 0x00007FF902209D98
Exception at PC 0x00007FF902209D98
Exception at PC 0x00007FF902209D98
Exception at PC 0x00007FF902209D98
Exception at PC 0x00007FF902209D98
Exception at PC 0x00007FF902209D98
Exception at PC 0x00007FF902209D98
[0]  [0x00007FF8B49DBB93]
[1]  [0x00007FF8B49DBB93]
[2]  [0x00007FF8B49DB4A1]
[3]  [0x00007FF8B49DB3EF]
[4]  [0x00007FF8B49C19FE]
[5]  [0x00007FF8B49C0ED1]
[6]  [0x00007FF8B49C0D76]
[7]  [0x00007FF8B49679F6]
[8]  [0x00007FF8B4957AFB]
[9]  [0x00007FF8B4A7E90A]
[10]  [0x00007FF8B4A99F87]
[11]  [0x00007FF8B4A9A05F]
Exception at PC 0x00007FF902209D98
[12] (BaseThreadInitThunk+0x14) [0x00007FF905862774]
[13] (RtlUserThreadStart+0x21) [0x00007FF9059F0D51]
Done
Exception at PC 0x00007FF902209D98
Exception at PC 0x00007FF902209D98
Exception at PC 0x00007FF902209D98
Exception at PC 0x00007FF902209D98
Exception at PC 0x00007FF902209D98
Exception at PC 0x00007FF902209D98
Exception at PC 0x00007FF902209D98
Exception at PC 0x00007FF9021D9DBA
Exception at PC 0x00007FF9021D9DBA
