Exception at PC 0x00007FFA82919DBA
Exception at PC 0x00007FFA82919DBA
Exception at PC 0x00007FFA82919DBA
Exception at PC 0x00007FFA82919DBA
Exception at PC 0x00007FFA82919DBA
Exception at PC 0x00007FFA82919DBA
Exception at PC 0x00007FFA82919DBA
Exception at PC 0x00007FFA82918AFD
Exception at PC 0x00007FFA82919DBA
Exception at PC 0x00007FFA82919DBA
Unable to capture context for thread 132992 in process 112536, can not generate back trace
Unable to capture context for thread 132256 in process 112536, can not generate back trace
Unable to capture context for thread 267684 in process 112536, can not generate back trace
Unable to capture context for thread 123776 in process 112536, can not generate back trace
Exception at PC 0x00007FFA82919DBA
Unable to capture context for thread 267684 in process 112536, can not generate back trace
Exception at PC 0x00007FFA555BBB93
Printing stacktrace...

Exception at PC 0x00007FFA82919DBA
Exception at PC 0x00007FFA82919DBA
Exception at PC 0x00007FFA82919DBA
Exception at PC 0x00007FFA82919DBA
Exception at PC 0x00007FFA82919DBA
Exception at PC 0x00007FFA82919DBA
Exception at PC 0x00007FFA82949D98
Exception at PC 0x00007FFA82949D98
Exception at PC 0x00007FFA82949D98
Exception at PC 0x00007FFA82949D98
Exception at PC 0x00007FFA82949D98
Exception at PC 0x00007FFA82949D98
Exception at PC 0x00007FFA82949D98
Exception at PC 0x00007FFA82949D98
Exception at PC 0x00007FFA82949D98
[0]  [0x00007FFA555BBB93]
[1]  [0x00007FFA555BBB93]
[2]  [0x00007FFA555BB4A1]
[3]  [0x00007FFA555BB3EF]
[4]  [0x00007FFA555A19FE]
[5]  [0x00007FFA555A0ED1]
[6]  [0x00007FFA555A0D76]
[7]  [0x00007FFA555479F6]
[8]  [0x00007FFA55537AFB]
[9]  [0x00007FFA5565E90A]
[10]  [0x00007FFA55679F87]
[11]  [0x00007FFA5567A05F]
[12] (BaseThreadInitThunk+0x14) [0x00007FFA85302774]
[13] (RtlUserThreadStart+0x21) [0x00007FFA859D0D51]
Done
Exception at PC 0x00007FFA82949D98
Exception at PC 0x00007FFA82949D98
Exception at PC 0x00007FFA82949D98
Exception at PC 0x00007FFA82949D98
Exception at PC 0x00007FFA82949D98
Exception at PC 0x00007FFA82949D98
Exception at PC 0x00007FFA82949D98
Exception at PC 0x00007FFA82949D98
Exception at PC 0x00007FFA82949D98
Exception at PC 0x00007FFA82949D98
Exception at PC 0x00007FFA82949D98
Exception at PC 0x00007FFA82919DBA
Exception at PC 0x00007FFA82919DBA
